#
# There is insufficient memory for the Java Runtime Environment to continue.
# Native memory allocation (mmap) failed to map 536870912 bytes for G1 virtual space
# Possible reasons:
#   The system is out of physical RAM or swap space
#   The process is running with CompressedOops enabled, and the Java Heap may be blocking the growth of the native heap
# Possible solutions:
#   Reduce memory load on the system
#   Increase physical memory or swap space
#   Check if swap backing store is full
#   Decrease Java heap size (-Xmx/-Xms)
#   Decrease number of Java threads
#   Decrease Java thread stack sizes (-Xss)
#   Set larger code cache with -XX:ReservedCodeCacheSize=
#   JVM is running with Zero Based Compressed Oops mode in which the Java heap is
#     placed in the first 32GB address space. The Java Heap base address is the
#     maximum limit for the native heap growth. Please use -XX:HeapBaseMinAddress
#     to set the Java Heap base and to place the Java Heap above 32GB virtual address.
# This output file may be truncated or incomplete.
#
#  Out of Memory Error (os_windows.cpp:3466), pid=25472, tid=21320
#
# JRE version:  (16.0.2+7) (build )
# Java VM: OpenJDK 64-Bit Server VM (16.0.2+7-67, mixed mode, sharing, tiered, compressed oops, compressed class ptrs, g1 gc, windows-amd64)
# No core dump will be written. Minidumps are not enabled by default on client versions of Windows
#

---------------  S U M M A R Y ------------

Command Line: -Dfile.encoding=Cp1252 -XX:+ShowCodeDetailsInExceptionMessages Problems.main

Host: Intel(R) Core(TM) i7-8700K CPU @ 3.70GHz, 12 cores, 31G,  Windows 10 , 64 bit Build 19041 (10.0.19041.1023)
Time: Thu Aug  5 14:46:36 2021 Pacific Daylight Time elapsed time: 0.009423 seconds (0d 0h 0m 0s)

---------------  T H R E A D  ---------------

Current thread (0x000002656749cc50):  JavaThread "Unknown thread" [_thread_in_vm, id=21320, stack(0x0000009087d00000,0x0000009087e00000)]

Stack: [0x0000009087d00000,0x0000009087e00000]
Native frames: (J=compiled Java code, j=interpreted, Vv=VM code, C=native code)
V  [jvm.dll+0x6681ca]
V  [jvm.dll+0x7c9e69]
V  [jvm.dll+0x7cb61e]
V  [jvm.dll+0x7cbc73]
V  [jvm.dll+0x242c55]
V  [jvm.dll+0x664f89]
V  [jvm.dll+0x659b75]
V  [jvm.dll+0x2fbfbb]
V  [jvm.dll+0x3031b6]
V  [jvm.dll+0x35299e]
V  [jvm.dll+0x352bcf]
V  [jvm.dll+0x2d3028]
V  [jvm.dll+0x2d4264]
V  [jvm.dll+0x79c741]
V  [jvm.dll+0x360791]
V  [jvm.dll+0x77a3f0]
V  [jvm.dll+0x3e4e8f]
V  [jvm.dll+0x3e6961]
C  [jli.dll+0x52fb]
C  [ucrtbase.dll+0x21bb2]
C  [KERNEL32.DLL+0x17034]
C  [ntdll.dll+0x52651]


---------------  P R O C E S S  ---------------

Threads class SMR info:
_java_thread_list=0x00007ffaefe5cbb8, length=0, elements={
}

Java Threads: ( => current thread )

Other Threads:
  0x0000026567512970 GCTaskThread "GC Thread#0" [stack: 0x0000009087e00000,0x0000009087f00000] [id=13592]
  0x00000265675241d0 ConcurrentGCThread "G1 Main Marker" [stack: 0x0000009087f00000,0x0000009088000000] [id=34504]
  0x0000026567524cc0 ConcurrentGCThread "G1 Conc#0" [stack: 0x0000009088000000,0x0000009088100000] [id=42456]

[error occurred during error reporting (printing all threads), id 0xc0000005, EXCEPTION_ACCESS_VIOLATION (0xc0000005) at pc=0x00007ffaef633ee7]

VM state: not at safepoint (not fully initialized)

VM Mutex/Monitor currently owned by a thread:  ([mutex/lock_event])
[0x000002656749a120] Heap_lock - owner thread: 0x000002656749cc50

Heap address: 0x0000000601000000, size: 8176 MB, Compressed Oops mode: Zero based, Oop shift amount: 3

CDS archive(s) mapped at: [0x0000000000000000-0x0000000000000000-0x0000000000000000), size 0, SharedBaseAddress: 0x0000000800000000, ArchiveRelocationMode: 0.
Narrow klass base: 0x0000000000000000, Narrow klass shift: 0, Narrow klass range: 0x0

GC Precious Log:
<Empty>

Heap:
 garbage-first heap   total 0K, used 0K [0x0000000601000000, 0x0000000800000000)
  region size 4096K, 0 young (0K), 0 survivors (0K)

[error occurred during error reporting (printing heap information), id 0xc0000005, EXCEPTION_ACCESS_VIOLATION (0xc0000005) at pc=0x00007ffaefa11eed]

GC Heap History (0 events):
No events

Deoptimization events (0 events):
No events

Classes unloaded (0 events):
No events

Classes redefined (0 events):
No events

Internal exceptions (0 events):
No events

Events (1 events):
Event: 0.005 Loaded shared library C:\Users\Billski\.p2\pool\plugins\org.eclipse.justj.openjdk.hotspot.jre.full.win32.x86_64_16.0.2.v20210721-1149\jre\bin\java.dll


Dynamic libraries:
0x00007ff724780000 - 0x00007ff72478e000 	C:\Users\Billski\.p2\pool\plugins\org.eclipse.justj.openjdk.hotspot.jre.full.win32.x86_64_16.0.2.v20210721-1149\jre\bin\javaw.exe
0x00007ffb3fa10000 - 0x00007ffb3fc05000 	C:\WINDOWS\SYSTEM32\ntdll.dll
0x00007ffb3e020000 - 0x00007ffb3e0dd000 	C:\WINDOWS\System32\KERNEL32.DLL
0x00007ffb3d250000 - 0x00007ffb3d518000 	C:\WINDOWS\System32\KERNELBASE.dll
0x00007ffb3a8e0000 - 0x00007ffb3a970000 	C:\WINDOWS\SYSTEM32\apphelp.dll
0x00007ffb3d5a0000 - 0x00007ffb3d6a0000 	C:\WINDOWS\System32\ucrtbase.dll
0x00007ffb26990000 - 0x00007ffb269a9000 	C:\Users\Billski\.p2\pool\plugins\org.eclipse.justj.openjdk.hotspot.jre.full.win32.x86_64_16.0.2.v20210721-1149\jre\bin\VCRUNTIME140.dll
0x00007ffb36ed0000 - 0x00007ffb36ee8000 	C:\Users\Billski\.p2\pool\plugins\org.eclipse.justj.openjdk.hotspot.jre.full.win32.x86_64_16.0.2.v20210721-1149\jre\bin\jli.dll
0x00007ffb3f4d0000 - 0x00007ffb3f670000 	C:\WINDOWS\System32\USER32.dll
0x00007ffb3d7e0000 - 0x00007ffb3d802000 	C:\WINDOWS\System32\win32u.dll
0x00007ffb3f890000 - 0x00007ffb3f8ba000 	C:\WINDOWS\System32\GDI32.dll
0x00007ffb260f0000 - 0x00007ffb2638a000 	C:\WINDOWS\WinSxS\amd64_microsoft.windows.common-controls_6595b64144ccf1df_6.0.19041.1052_none_60b8f8fd71f5e8cb\COMCTL32.dll
0x00007ffb3d970000 - 0x00007ffb3da7b000 	C:\WINDOWS\System32\gdi32full.dll
0x00007ffb3e3a0000 - 0x00007ffb3e43e000 	C:\WINDOWS\System32\msvcrt.dll
0x00007ffb3d150000 - 0x00007ffb3d1ed000 	C:\WINDOWS\System32\msvcp_win.dll
0x00007ffb3f190000 - 0x00007ffb3f1c0000 	C:\WINDOWS\System32\IMM32.DLL
0x00007ffb36ec0000 - 0x00007ffb36ecc000 	C:\Users\Billski\.p2\pool\plugins\org.eclipse.justj.openjdk.hotspot.jre.full.win32.x86_64_16.0.2.v20210721-1149\jre\bin\vcruntime140_1.dll
0x00007ffb0a0c0000 - 0x00007ffb0a151000 	C:\Users\Billski\.p2\pool\plugins\org.eclipse.justj.openjdk.hotspot.jre.full.win32.x86_64_16.0.2.v20210721-1149\jre\bin\msvcp140.dll
0x00007ffaef350000 - 0x00007ffaefefb000 	C:\Users\Billski\.p2\pool\plugins\org.eclipse.justj.openjdk.hotspot.jre.full.win32.x86_64_16.0.2.v20210721-1149\jre\bin\server\jvm.dll
0x00007ffb3e880000 - 0x00007ffb3e92c000 	C:\WINDOWS\System32\ADVAPI32.dll
0x00007ffb3e0e0000 - 0x00007ffb3e17b000 	C:\WINDOWS\System32\sechost.dll
0x00007ffb3def0000 - 0x00007ffb3e01b000 	C:\WINDOWS\System32\RPCRT4.dll
0x00007ffb3f6d0000 - 0x00007ffb3f6d8000 	C:\WINDOWS\System32\PSAPI.DLL
0x00007ffb2a020000 - 0x00007ffb2a047000 	C:\WINDOWS\SYSTEM32\WINMM.dll
0x00007ffb380a0000 - 0x00007ffb380aa000 	C:\WINDOWS\SYSTEM32\VERSION.dll
0x00007ffb21500000 - 0x00007ffb21509000 	C:\WINDOWS\SYSTEM32\WSOCK32.dll
0x00007ffb3f120000 - 0x00007ffb3f18b000 	C:\WINDOWS\System32\WS2_32.dll
0x00007ffb3b0a0000 - 0x00007ffb3b0b2000 	C:\WINDOWS\SYSTEM32\kernel.appcore.dll
0x00007ffb36f40000 - 0x00007ffb36f4a000 	C:\Users\Billski\.p2\pool\plugins\org.eclipse.justj.openjdk.hotspot.jre.full.win32.x86_64_16.0.2.v20210721-1149\jre\bin\jimage.dll
0x00007ffb34c10000 - 0x00007ffb34df4000 	C:\WINDOWS\SYSTEM32\DBGHELP.DLL
0x00007ffb34be0000 - 0x00007ffb34c0c000 	C:\WINDOWS\SYSTEM32\dbgcore.DLL
0x00007ffb3d6a0000 - 0x00007ffb3d723000 	C:\WINDOWS\System32\bcryptPrimitives.dll
0x00007ffb11740000 - 0x00007ffb11765000 	C:\Users\Billski\.p2\pool\plugins\org.eclipse.justj.openjdk.hotspot.jre.full.win32.x86_64_16.0.2.v20210721-1149\jre\bin\java.dll

dbghelp: loaded successfully - version: 4.0.5 - missing functions: none
symbol engine: initialized successfully - sym options: 0x614 - pdb path: .;C:\Users\Billski\.p2\pool\plugins\org.eclipse.justj.openjdk.hotspot.jre.full.win32.x86_64_16.0.2.v20210721-1149\jre\bin;C:\WINDOWS\SYSTEM32;C:\WINDOWS\WinSxS\amd64_microsoft.windows.common-controls_6595b64144ccf1df_6.0.19041.1052_none_60b8f8fd71f5e8cb;C:\Users\Billski\.p2\pool\plugins\org.eclipse.justj.openjdk.hotspot.jre.full.win32.x86_64_16.0.2.v20210721-1149\jre\bin\server

VM Arguments:
jvm_args: -Dfile.encoding=Cp1252 -XX:+ShowCodeDetailsInExceptionMessages 
java_command: Problems.main
java_class_path (initial): C:\Users\Billski\Java_Practice\HackerRank\bin
Launcher Type: SUN_STANDARD

[Global flags]
     intx CICompilerCount                          = 4                                         {product} {ergonomic}
     uint ConcGCThreads                            = 3                                         {product} {ergonomic}
     uint G1ConcRefinementThreads                  = 10                                        {product} {ergonomic}
   size_t G1HeapRegionSize                         = 4194304                                   {product} {ergonomic}
    uintx GCDrainStackTargetSize                   = 64                                        {product} {ergonomic}
   size_t InitialHeapSize                          = 536870912                                 {product} {ergonomic}
   size_t MarkStackSize                            = 4194304                                   {product} {ergonomic}
   size_t MaxHeapSize                              = 8573157376                                {product} {ergonomic}
   size_t MinHeapDeltaBytes                        = 4194304                                   {product} {ergonomic}
   size_t MinHeapSize                              = 8388608                                   {product} {ergonomic}
    uintx NonNMethodCodeHeapSize                   = 5839372                                {pd product} {ergonomic}
    uintx NonProfiledCodeHeapSize                  = 122909434                              {pd product} {ergonomic}
    uintx ProfiledCodeHeapSize                     = 122909434                              {pd product} {ergonomic}
    uintx ReservedCodeCacheSize                    = 251658240                              {pd product} {ergonomic}
     bool SegmentedCodeCache                       = true                                      {product} {ergonomic}
     bool ShowCodeDetailsInExceptionMessages       = true                                   {manageable} {command line}
   size_t SoftMaxHeapSize                          = 8573157376                             {manageable} {ergonomic}
     bool UseCompressedClassPointers               = true                           {product lp64_product} {ergonomic}
     bool UseCompressedOops                        = true                           {product lp64_product} {ergonomic}
     bool UseG1GC                                  = true                                      {product} {ergonomic}
     bool UseLargePagesIndividualAllocation        = false                                  {pd product} {ergonomic}

Logging:
Log output configuration:
 #0: stdout all=warning uptime,level,tags
 #1: stderr all=off uptime,level,tags

Environment Variables:
PATH=C:/Users/Billski/.p2/pool/plugins/org.eclipse.justj.openjdk.hotspot.jre.full.win32.x86_64_16.0.2.v20210721-1149/jre/bin/server;C:/Users/Billski/.p2/pool/plugins/org.eclipse.justj.openjdk.hotspot.jre.full.win32.x86_64_16.0.2.v20210721-1149/jre/bin;C:/Users/Billski/AppData/Local/Temp/eoiBBEE.tmp//plugins/org.eclipse.justj.openjdk.hotspot.jre.minimal.stripped.win32.x86_64_16.0.1.v20210528-1205/jre/bin/server;C:/Users/Billski/AppData/Local/Temp/eoiBBEE.tmp//plugins/org.eclipse.justj.openjdk.hotspot.jre.minimal.stripped.win32.x86_64_16.0.1.v20210528-1205/jre/bin;C:\Program Files (x86)\Google\Chrome\Application;C:\Program Files (x86)\Common Files\Oracle\Java\javapath;C:\Windows\system32;C:\Windows;C:\Windows\System32\Wbem;C:\Windows\System32\WindowsPowerShell\v1.0\;C:\WINDOWS\system32;C:\WINDOWS;C:\WINDOWS\System32\Wbem;C:\WINDOWS\System32\WindowsPowerShell\v1.0\;C:\WINDOWS\System32\OpenSSH\;C:\WINDOWS\system32;C:\WINDOWS;C:\WINDOWS\System32\Wbem;C:\WINDOWS\System32\WindowsPowerShell\v1.0\;C:\WINDOWS\System32\OpenSSH\;C:\Program Files\Git\cmd;C:\Program Files\dotnet\;C:\Program Files\Microsoft SQL Server\130\Tools\Binn\;C:\Program Files (x86)\dotnet\;C:\Program Files\nodejs\;C:\Program Files (x86)\NVIDIA Corporation\PhysX\Common;C:\Program Files\TortoiseSVN\bin;C:\Users\Billski\AppData\Local\Microsoft\WindowsApps;C:\Users\Billski\.dotnet\tools;C:\Users\Billski\AppData\Local\GitHubDesktop\bin;C:\Users\Billski\AppData\Roaming\npm;%USERPROFILE%\AppData\Local\Microsoft\WindowsApps;;C:\Users\Billski\Downloads;;C:\Users\Billski\Downloads;
USERNAME=Billski
OS=Windows_NT
PROCESSOR_IDENTIFIER=Intel64 Family 6 Model 158 Stepping 10, GenuineIntel



---------------  S Y S T E M  ---------------

OS:
 Windows 10 , 64 bit Build 19041 (10.0.19041.1023)
OS uptime: 34 days 22:42 hours

CPU: total 12 (initial active 12) (6 cores per cpu, 2 threads per core) family 6 model 158 stepping 10 microcode 0xb4, cx8, cmov, fxsr, ht, mmx, 3dnowpref, sse, sse2, sse3, ssse3, sse4.1, sse4.2, popcnt, lzcnt, tsc, tscinvbit, avx, avx2, aes, erms, clmul, bmi1, bmi2, rtm, adx, fma, vzeroupper, clflush, clflushopt

Memory: 4k page, system-wide physical 32698M (14664M free)
TotalPageFile size 64698M (AvailPageFile size 301M)
current process WorkingSet (physical memory assigned to process): 11M, peak: 11M
current process commit charge ("private bytes"): 64M, peak: 576M

vm_info: OpenJDK 64-Bit Server VM (16.0.2+7-67) for windows-amd64 JRE (16.0.2+7-67), built on Jun  8 2021 23:21:43 by "mach5one" with MS VC++ 16.7 (VS2019)

END.
